<?xml version="1.0" encoding="UTF-8"?>
<testsuite xmlns:xsi="http://www.w3.org/2001/XMLSchema-instance" xsi:noNamespaceSchemaLocation="https://maven.apache.org/surefire/maven-surefire-plugin/xsd/surefire-test-report-3.0.xsd" version="3.0" name="com.banksystemTest.BankServiceTest" time="0.126" tests="3" errors="0" skipped="0" failures="0">
  <properties>
[...]
</properties>
  <testcase name="testWithdrawSuccess" classname="com.banksystemTest.BankServiceTest" time="0.096">
    <system-out><![CDATA[20:16:02.252 [main] INFO com.banksystem.BankService -- Giao d?ch thành công. S? d? còn l?i: 500.0
]]></system-out>
  </testcase>
  <testcase name="testWithdrawOverBalance" classname="com.banksystemTest.BankServiceTest" time="0.002">
    <system-out><![CDATA[20:16:02.269 [main] ERROR com.banksystem.BankService -- Giao d?ch th?t b?i: S? d? không ??. C?n rút: 2000.0, Hi?n có: 1000.0
]]></system-out>
  </testcase>
  <testcase name="testFilePathRefactored" classname="com.banksystemTest.BankServiceTest" time="0.002"/>
</testsuite>